<?xml version="1.0" encoding="UTF-8"?>
<testng-results ignored="0" total="3" passed="3" failed="0" skipped="0">
  <reporter-output>
  </reporter-output>
  <suite started-at="2024-04-19T19:46:32 EDT" name="Default suite" finished-at="2024-04-19T19:46:33 EDT" duration-ms="925">
    <groups>
      <group name="cucumber">
        <method signature="AbstractTestNGCucumberTests.runScenario(io.cucumber.testng.PickleWrapper,io.cucumber.testng.FeatureWrapper)[pri:0, instance:runner.Testng_runner@4722ef0c]" name="runScenario" class="io.cucumber.testng.AbstractTestNGCucumberTests"/>
      </group> <!-- cucumber -->
    </groups>
    <test started-at="2024-04-19T19:46:32 EDT" name="Default test" finished-at="2024-04-19T19:46:33 EDT" duration-ms="925">
      <class name="runner.Testng_runner">
        <test-method is-config="true" signature="setUpClass(org.testng.ITestContext)[pri:0, instance:runner.Testng_runner@4722ef0c]" started-at="2024-04-19T19:46:32 EDT" name="setUpClass" finished-at="2024-04-19T19:46:33 EDT" duration-ms="677" status="PASS">
          <params>
            <param index="0">
              <value>
                <![CDATA[org.testng.TestRunner@13e698c7]]>
              </value>
            </param>
          </params>
          <reporter-output>
          </reporter-output>
        </test-method> <!-- setUpClass -->
        <test-method signature="runScenario(io.cucumber.testng.PickleWrapper,io.cucumber.testng.FeatureWrapper)[pri:0, instance:runner.Testng_runner@4722ef0c]" started-at="2024-04-19T19:46:33 EDT" name="runScenario" description="Runs Cucumber Scenarios" data-provider="scenarios" finished-at="2024-04-19T19:46:33 EDT" duration-ms="96" status="PASS">
          <params>
            <param index="0">
              <value>
                <![CDATA["validate in search field with computer"]]>
              </value>
            </param>
            <param index="1">
              <value>
                <![CDATA["Search"]]>
              </value>
            </param>
          </params>
          <reporter-output>
          </reporter-output>
        </test-method> <!-- runScenario -->
        <test-method signature="runScenario(io.cucumber.testng.PickleWrapper,io.cucumber.testng.FeatureWrapper)[pri:0, instance:runner.Testng_runner@4722ef0c]" started-at="2024-04-19T19:46:33 EDT" name="runScenario" description="Runs Cucumber Scenarios" data-provider="scenarios" finished-at="2024-04-19T19:46:33 EDT" duration-ms="18" status="PASS">
          <params>
            <param index="0">
              <value>
                <![CDATA["validate in search field with computer"]]>
              </value>
            </param>
            <param index="1">
              <value>
                <![CDATA["Search"]]>
              </value>
            </param>
          </params>
          <reporter-output>
          </reporter-output>
        </test-method> <!-- runScenario -->
        <test-method signature="runScenario(io.cucumber.testng.PickleWrapper,io.cucumber.testng.FeatureWrapper)[pri:0, instance:runner.Testng_runner@4722ef0c]" started-at="2024-04-19T19:46:33 EDT" name="runScenario" description="Runs Cucumber Scenarios" data-provider="scenarios" finished-at="2024-04-19T19:46:33 EDT" duration-ms="13" status="PASS">
          <params>
            <param index="0">
              <value>
                <![CDATA["validate in search field with computer"]]>
              </value>
            </param>
            <param index="1">
              <value>
                <![CDATA["Search"]]>
              </value>
            </param>
          </params>
          <reporter-output>
          </reporter-output>
        </test-method> <!-- runScenario -->
        <test-method is-config="true" signature="tearDownClass()[pri:0, instance:runner.Testng_runner@4722ef0c]" started-at="2024-04-19T19:46:33 EDT" name="tearDownClass" finished-at="2024-04-19T19:46:33 EDT" duration-ms="70" status="PASS">
          <reporter-output>
          </reporter-output>
        </test-method> <!-- tearDownClass -->
      </class> <!-- runner.Testng_runner -->
    </test> <!-- Default test -->
  </suite> <!-- Default suite -->
</testng-results>
